<?xml version="1.0" encoding="UTF-8"?>
<!-- Generated by org.testng.reporters.JUnitXMLReporter -->
<testsuite hostname="LAPTOP-A53PE1M3" ignored="0" name="Test" tests="5" failures="0" timestamp="09 Jun 2019 02:57:57 GMT" time="163.929" errors="0">
  <testcase name="validateLoginPageTitle" time="0.035" classname="com.CapsuleApplication.Test.LoginPageTest"/>
  <testcase name="validateDashBoardPageTitle" time="0.009" classname="com.CapsuleApplication.Test.DashBoardPageTest"/>
  <testcase name="verifyNewContact" time="29.921" classname="com.CapsuleApplication.Test.PeoplePageTest"/>
  <testcase name="validateLoginButton" time="24.587" classname="com.CapsuleApplication.Test.LoginPageTest"/>
  <testcase name="validatePeopleOrganizationLink" time="0.385" classname="com.CapsuleApplication.Test.DashBoardPageTest"/>
</testsuite> <!-- Test -->
